<?xml version="1.0" encoding="UTF-8"?>
<!-- Generated by org.testng.reporters.JUnitReportReporter -->
<testsuite hostname="Deepas-MBP" failures="0" tests="1" name="com.crm.qa.testcases.BrokenLinkTest" time="25.743" errors="0" timestamp="21 Mar 2018 15:47:23 GMT" skipped="0">
  <testcase classname="com.crm.qa.testcases.BrokenLinkTest" name="findTotalLinks" time="25.743"/>
</testsuite> <!-- com.crm.qa.testcases.BrokenLinkTest -->
